<?xml version="1.0" encoding="UTF-8"?>
<!-- Generated by org.testng.reporters.JUnitReportReporter -->
<testsuite hostname="DESKTOP-S76SA9N" failures="0" tests="4" name="com.nexsoft.cucumber.runner.LoginRunner" time="28.608" errors="1" timestamp="2022-06-20T13:53:51 ICT" skipped="0">
  <testcase classname="com.nexsoft.cucumber.runner.LoginRunner" name="runScenario" time="9.192">
    <error message="&quot;User input username as &quot;mnaauval@gmail.com&quot;&quot; matches more than one step definition:
  &quot;User input username (.*)$&quot; in com.nexsoft.cucumber.definition.LoginDefinition.inputNotValidUname(java.lang.String)
  &quot;User input username as {string}&quot; in com.nexsoft.cucumber.definition.LoginDefinition.inputValidUname(java.lang.String)" type="io.cucumber.core.runner.AmbiguousStepDefinitionsException">
      <![CDATA[io.cucumber.core.runner.AmbiguousStepDefinitionsException: "User input username as "mnaauval@gmail.com"" matches more than one step definition:
  "User input username (.*)$" in com.nexsoft.cucumber.definition.LoginDefinition.inputNotValidUname(java.lang.String)
  "User input username as {string}" in com.nexsoft.cucumber.definition.LoginDefinition.inputValidUname(java.lang.String)
at io.cucumber.core.runner.CachingGlue.findStepDefinitionMatch(CachingGlue.java:402)
at io.cucumber.core.runner.CachingGlue.stepDefinitionMatch(CachingGlue.java:370)
at io.cucumber.core.runner.Runner.matchStepToStepDefinition(Runner.java:183)
at io.cucumber.core.runner.Runner.createTestStepsForPickleSteps(Runner.java:163)
at io.cucumber.core.runner.Runner.createTestCaseForPickle(Runner.java:146)
at io.cucumber.core.runner.Runner.runPickle(Runner.java:74)
at io.cucumber.testng.TestNGCucumberRunner.lambda$runScenario$1(TestNGCucumberRunner.java:132)
at io.cucumber.core.runtime.CucumberExecutionContext.lambda$runTestCase$5(CucumberExecutionContext.java:129)
at io.cucumber.core.runtime.RethrowingThrowableCollector.executeAndThrow(RethrowingThrowableCollector.java:23)
at io.cucumber.core.runtime.CucumberExecutionContext.runTestCase(CucumberExecutionContext.java:129)
at io.cucumber.testng.TestNGCucumberRunner.runScenario(TestNGCucumberRunner.java:129)
at io.cucumber.testng.AbstractTestNGCucumberTests.runScenario(AbstractTestNGCucumberTests.java:35)
at java.base/jdk.internal.reflect.NativeMethodAccessorImpl.invoke0(Native Method)
at java.base/jdk.internal.reflect.NativeMethodAccessorImpl.invoke(NativeMethodAccessorImpl.java:77)
at java.base/jdk.internal.reflect.DelegatingMethodAccessorImpl.invoke(DelegatingMethodAccessorImpl.java:43)
at java.base/java.lang.reflect.Method.invoke(Method.java:568)
at org.testng.internal.invokers.MethodInvocationHelper.invokeMethod(MethodInvocationHelper.java:139)
at org.testng.internal.invokers.TestInvoker.invokeMethod(TestInvoker.java:677)
at org.testng.internal.invokers.TestInvoker.invokeTestMethod(TestInvoker.java:221)
at org.testng.internal.invokers.MethodRunner.runInSequence(MethodRunner.java:50)
at org.testng.internal.invokers.TestInvoker$MethodInvocationAgent.invoke(TestInvoker.java:962)
at org.testng.internal.invokers.TestInvoker.invokeTestMethods(TestInvoker.java:194)
at org.testng.internal.invokers.TestMethodWorker.invokeTestMethods(TestMethodWorker.java:148)
at org.testng.internal.invokers.TestMethodWorker.run(TestMethodWorker.java:128)
at java.base/java.util.ArrayList.forEach(ArrayList.java:1511)
at org.testng.TestRunner.privateRun(TestRunner.java:806)
at org.testng.TestRunner.run(TestRunner.java:601)
at org.testng.SuiteRunner.runTest(SuiteRunner.java:433)
at org.testng.SuiteRunner.runSequentially(SuiteRunner.java:427)
at org.testng.SuiteRunner.privateRun(SuiteRunner.java:387)
at org.testng.SuiteRunner.run(SuiteRunner.java:330)
at org.testng.SuiteRunnerWorker.runSuite(SuiteRunnerWorker.java:52)
at org.testng.SuiteRunnerWorker.run(SuiteRunnerWorker.java:95)
at org.testng.TestNG.runSuitesSequentially(TestNG.java:1256)
at org.testng.TestNG.runSuitesLocally(TestNG.java:1176)
at org.testng.TestNG.runSuites(TestNG.java:1099)
at org.testng.TestNG.run(TestNG.java:1067)
at org.testng.remote.AbstractRemoteTestNG.run(AbstractRemoteTestNG.java:115)
at org.testng.remote.RemoteTestNG.initAndRun(RemoteTestNG.java:251)
at org.testng.remote.RemoteTestNG.main(RemoteTestNG.java:77)
]]>
    </error>
  </testcase> <!-- runScenario -->
  <system-out>
    <![CDATA[<img src='file://D:\Project\Java\TestNG\CucumberTestEnji\src\test\resources\SS\20220620_135327.PNG'height="350" width="792"/>]]>
  </system-out>
  <testcase classname="com.nexsoft.cucumber.runner.LoginRunner" name="runScenario" time="6.922"/>
  <system-out>
    <![CDATA[<img src='file://D:\Project\Java\TestNG\CucumberTestEnji\src\test\resources\SS\20220620_135334.PNG'height="350" width="792"/>]]>
  </system-out>
  <testcase classname="com.nexsoft.cucumber.runner.LoginRunner" name="runScenario" time="6.767"/>
  <system-out>
    <![CDATA[<img src='file://D:\Project\Java\TestNG\CucumberTestEnji\src\test\resources\SS\20220620_135341.PNG'height="350" width="792"/>]]>
  </system-out>
  <testcase classname="com.nexsoft.cucumber.runner.LoginRunner" name="runScenario" time="5.727"/>
  <system-out>
    <![CDATA[<img src='file://D:\Project\Java\TestNG\CucumberTestEnji\src\test\resources\SS\20220620_135347.PNG'height="350" width="792"/>]]>
  </system-out>
</testsuite> <!-- com.nexsoft.cucumber.runner.LoginRunner -->
